
*** Running vivado
    with args -log fifo.vds -m64 -product Vivado -mode batch -messageDb vivado.pb -notrace -source fifo.tcl


****** Vivado v2019.1 (64-bit)
  **** SW Build 2552052 on Fri May 24 14:47:09 MDT 2019
  **** IP Build 2548770 on Fri May 24 18:01:18 MDT 2019
    ** Copyright 1986-2019 Xilinx, Inc. All Rights Reserved.

source fifo.tcl -notrace
Command: synth_design -top fifo -part xc7a100tcsg324-1
Starting synth_design
Attempting to get a license for feature 'Synthesis' and/or device 'xc7a100t'
INFO: [Common 17-349] Got license for feature 'Synthesis' and/or device 'xc7a100t'
INFO: [Device 21-403] Loading part xc7a100tcsg324-1
INFO: Launching helper process for spawning children vivado processes
INFO: Helper process launched with PID 89057 
---------------------------------------------------------------------------------
Starting RTL Elaboration : Time (s): cpu = 00:00:04 ; elapsed = 00:00:05 . Memory (MB): peak = 1701.297 ; gain = 152.715 ; free physical = 1411 ; free virtual = 2513
---------------------------------------------------------------------------------
INFO: [Synth 8-6157] synthesizing module 'fifo' [/home/ubuntu/lab2_fifo/lab2_fifo.srcs/sources_1/new/fifo.v:23]
INFO: [Synth 8-6157] synthesizing module 'LCU' [/home/ubuntu/lab2_fifo/lab2_fifo.srcs/sources_1/new/LCU.v:23]
WARNING: [Synth 8-6014] Unused sequential element we_reg_reg was removed.  [/home/ubuntu/lab2_fifo/lab2_fifo.srcs/sources_1/new/LCU.v:109]
INFO: [Synth 8-6155] done synthesizing module 'LCU' (1#1) [/home/ubuntu/lab2_fifo/lab2_fifo.srcs/sources_1/new/LCU.v:23]
INFO: [Synth 8-6157] synthesizing module 'reg4b_8d' [/home/ubuntu/lab2_fifo/lab2_fifo.srcs/sources_1/new/reg4b_8d.v:23]
	Parameter WIDTH bound to: 4 - type: integer 
INFO: [Synth 8-6155] done synthesizing module 'reg4b_8d' (2#1) [/home/ubuntu/lab2_fifo/lab2_fifo.srcs/sources_1/new/reg4b_8d.v:23]
INFO: [Synth 8-6157] synthesizing module 'SDU' [/home/ubuntu/lab2_fifo/lab2_fifo.srcs/sources_1/new/SDU.v:23]
	Parameter WIDTH bound to: 7 - type: integer 
	Parameter N bound to: 200 - type: integer 
INFO: [Synth 8-155] case statement is not full and has no default [/home/ubuntu/lab2_fifo/lab2_fifo.srcs/sources_1/new/SDU.v:79]
INFO: [Synth 8-6155] done synthesizing module 'SDU' (3#1) [/home/ubuntu/lab2_fifo/lab2_fifo.srcs/sources_1/new/SDU.v:23]
INFO: [Synth 8-6155] done synthesizing module 'fifo' (4#1) [/home/ubuntu/lab2_fifo/lab2_fifo.srcs/sources_1/new/fifo.v:23]
---------------------------------------------------------------------------------
Finished RTL Elaboration : Time (s): cpu = 00:00:05 ; elapsed = 00:00:07 . Memory (MB): peak = 1755.047 ; gain = 206.465 ; free physical = 1436 ; free virtual = 2538
---------------------------------------------------------------------------------

Report Check Netlist: 
+------+------------------+-------+---------+-------+------------------+
|      |Item              |Errors |Warnings |Status |Description       |
+------+------------------+-------+---------+-------+------------------+
|1     |multi_driven_nets |      0|        0|Passed |Multi driven nets |
+------+------------------+-------+---------+-------+------------------+
---------------------------------------------------------------------------------
Start Handling Custom Attributes
---------------------------------------------------------------------------------
---------------------------------------------------------------------------------
Finished Handling Custom Attributes : Time (s): cpu = 00:00:06 ; elapsed = 00:00:07 . Memory (MB): peak = 1760.984 ; gain = 212.402 ; free physical = 1433 ; free virtual = 2536
---------------------------------------------------------------------------------
---------------------------------------------------------------------------------
Finished RTL Optimization Phase 1 : Time (s): cpu = 00:00:06 ; elapsed = 00:00:07 . Memory (MB): peak = 1760.984 ; gain = 212.402 ; free physical = 1433 ; free virtual = 2536
---------------------------------------------------------------------------------
INFO: [Project 1-570] Preparing netlist for logic optimization

Processing XDC Constraints
Initializing timing engine
Parsing XDC File [/home/ubuntu/lab2_fifo/lab2_fifo.srcs/constrs_1/new/io.xdc]
Finished Parsing XDC File [/home/ubuntu/lab2_fifo/lab2_fifo.srcs/constrs_1/new/io.xdc]
INFO: [Project 1-236] Implementation specific constraints were found while reading constraint file [/home/ubuntu/lab2_fifo/lab2_fifo.srcs/constrs_1/new/io.xdc]. These constraints will be ignored for synthesis but will be used in implementation. Impacted constraints are listed in the file [.Xil/fifo_propImpl.xdc].
Resolution: To avoid this warning, move constraints listed in [.Xil/fifo_propImpl.xdc] to another XDC file and exclude this new file from synthesis with the used_in_synthesis property (File Properties dialog in GUI) and re-run elaboration/synthesis.
Completed Processing XDC Constraints

Netlist sorting complete. Time (s): cpu = 00:00:00 ; elapsed = 00:00:00 . Memory (MB): peak = 1922.703 ; gain = 0.000 ; free physical = 1338 ; free virtual = 2440
INFO: [Project 1-111] Unisim Transformation Summary:
No Unisim elements were transformed.

Constraint Validation Runtime : Time (s): cpu = 00:00:00 ; elapsed = 00:00:00.01 . Memory (MB): peak = 1922.703 ; gain = 0.000 ; free physical = 1338 ; free virtual = 2441
---------------------------------------------------------------------------------
Finished Constraint Validation : Time (s): cpu = 00:00:12 ; elapsed = 00:00:15 . Memory (MB): peak = 1922.703 ; gain = 374.121 ; free physical = 1411 ; free virtual = 2513
---------------------------------------------------------------------------------
---------------------------------------------------------------------------------
Start Loading Part and Timing Information
---------------------------------------------------------------------------------
Loading part: xc7a100tcsg324-1
---------------------------------------------------------------------------------
Finished Loading Part and Timing Information : Time (s): cpu = 00:00:12 ; elapsed = 00:00:15 . Memory (MB): peak = 1922.703 ; gain = 374.121 ; free physical = 1411 ; free virtual = 2513
---------------------------------------------------------------------------------
---------------------------------------------------------------------------------
Start Applying 'set_property' XDC Constraints
---------------------------------------------------------------------------------
---------------------------------------------------------------------------------
Finished applying 'set_property' XDC Constraints : Time (s): cpu = 00:00:12 ; elapsed = 00:00:15 . Memory (MB): peak = 1922.703 ; gain = 374.121 ; free physical = 1410 ; free virtual = 2512
---------------------------------------------------------------------------------
INFO: [Synth 8-802] inferred FSM for state register 'mask_reg_reg' in module 'SDU'
INFO: [Synth 8-5546] ROM "mask_reg" won't be mapped to RAM because it is too sparse
---------------------------------------------------------------------------------------------------
                   State |                     New Encoding |                Previous Encoding 
---------------------------------------------------------------------------------------------------
*
                 iSTATE0 |                         00000001 |                         00000001
                 iSTATE1 |                         00000010 |                         00000010
                 iSTATE2 |                         00000100 |                         00000100
                 iSTATE3 |                         00001000 |                         00001000
                 iSTATE4 |                         00010000 |                         00010000
                 iSTATE5 |                         00100000 |                         00100000
                 iSTATE6 |                         01000000 |                         01000000
                  iSTATE |                         10000000 |                         10000000
---------------------------------------------------------------------------------------------------
INFO: [Synth 8-3898] No Re-encoding of one hot register 'mask_reg_reg' in module 'SDU'
WARNING: [Synth 8-327] inferring latch for variable 'loop_a_reg' [/home/ubuntu/lab2_fifo/lab2_fifo.srcs/sources_1/new/SDU.v:80]
---------------------------------------------------------------------------------
Finished RTL Optimization Phase 2 : Time (s): cpu = 00:00:12 ; elapsed = 00:00:16 . Memory (MB): peak = 1922.703 ; gain = 374.121 ; free physical = 1402 ; free virtual = 2504
---------------------------------------------------------------------------------

Report RTL Partitions: 
+-+--------------+------------+----------+
| |RTL Partition |Replication |Instances |
+-+--------------+------------+----------+
+-+--------------+------------+----------+
---------------------------------------------------------------------------------
Start RTL Component Statistics 
---------------------------------------------------------------------------------
Detailed RTL Component Info : 
+---Adders : 
	   2 Input      8 Bit       Adders := 1     
	   2 Input      3 Bit       Adders := 2     
+---Registers : 
	                8 Bit    Registers := 2     
	                4 Bit    Registers := 1     
	                3 Bit    Registers := 3     
	                1 Bit    Registers := 5     
+---Muxes : 
	   8 Input      8 Bit        Muxes := 2     
	   2 Input      8 Bit        Muxes := 2     
	   9 Input      8 Bit        Muxes := 1     
	   9 Input      3 Bit        Muxes := 1     
	   3 Input      1 Bit        Muxes := 2     
	   2 Input      1 Bit        Muxes := 2     
	   9 Input      1 Bit        Muxes := 1     
---------------------------------------------------------------------------------
Finished RTL Component Statistics 
---------------------------------------------------------------------------------
---------------------------------------------------------------------------------
Start RTL Hierarchical Component Statistics 
---------------------------------------------------------------------------------
Hierarchical RTL Component report 
Module LCU 
Detailed RTL Component Info : 
+---Adders : 
	   2 Input      3 Bit       Adders := 2     
+---Registers : 
	                8 Bit    Registers := 1     
	                4 Bit    Registers := 1     
	                3 Bit    Registers := 2     
	                1 Bit    Registers := 4     
+---Muxes : 
	   8 Input      8 Bit        Muxes := 2     
	   2 Input      8 Bit        Muxes := 1     
	   3 Input      1 Bit        Muxes := 2     
	   2 Input      1 Bit        Muxes := 1     
Module SDU 
Detailed RTL Component Info : 
+---Adders : 
	   2 Input      8 Bit       Adders := 1     
+---Registers : 
	                8 Bit    Registers := 1     
	                3 Bit    Registers := 1     
	                1 Bit    Registers := 1     
+---Muxes : 
	   2 Input      8 Bit        Muxes := 1     
	   9 Input      8 Bit        Muxes := 1     
	   9 Input      3 Bit        Muxes := 1     
	   2 Input      1 Bit        Muxes := 1     
	   9 Input      1 Bit        Muxes := 1     
---------------------------------------------------------------------------------
Finished RTL Hierarchical Component Statistics
---------------------------------------------------------------------------------
---------------------------------------------------------------------------------
Start Part Resource Summary
---------------------------------------------------------------------------------
Part Resources:
DSPs: 240 (col length:80)
BRAMs: 270 (col length: RAMB18 80 RAMB36 40)
---------------------------------------------------------------------------------
Finished Part Resource Summary
---------------------------------------------------------------------------------
---------------------------------------------------------------------------------
Start Cross Boundary and Area Optimization
---------------------------------------------------------------------------------
Warning: Parallel synthesis criteria is not met 
INFO: [Synth 8-5546] ROM "sdu_ins/mask_reg" won't be mapped to RAM because it is too sparse
---------------------------------------------------------------------------------
Finished Cross Boundary and Area Optimization : Time (s): cpu = 00:00:13 ; elapsed = 00:00:17 . Memory (MB): peak = 1922.703 ; gain = 374.121 ; free physical = 1391 ; free virtual = 2496
---------------------------------------------------------------------------------
---------------------------------------------------------------------------------
Start ROM, RAM, DSP and Shift Register Reporting
---------------------------------------------------------------------------------

Distributed RAM: Preliminary Mapping  Report (see note below)
+------------+---------------------+-----------+----------------------+--------------+
|Module Name | RTL Object          | Inference | Size (Depth x Width) | Primitives   | 
+------------+---------------------+-----------+----------------------+--------------+
|fifo        | reg_ins/regfile_reg | Implied   | 8 x 4                | RAM32M x 2   | 
+------------+---------------------+-----------+----------------------+--------------+

Note: The table above is a preliminary report that shows the Distributed RAMs at the current stage of the synthesis flow. Some Distributed RAMs may be reimplemented as non Distributed RAM primitives later in the synthesis flow. Multiple instantiated RAMs are reported only once.
---------------------------------------------------------------------------------
Finished ROM, RAM, DSP and Shift Register Reporting
---------------------------------------------------------------------------------

Report RTL Partitions: 
+-+--------------+------------+----------+
| |RTL Partition |Replication |Instances |
+-+--------------+------------+----------+
+-+--------------+------------+----------+
---------------------------------------------------------------------------------
Start Applying XDC Timing Constraints
---------------------------------------------------------------------------------
---------------------------------------------------------------------------------
Finished Applying XDC Timing Constraints : Time (s): cpu = 00:00:20 ; elapsed = 00:00:24 . Memory (MB): peak = 1922.703 ; gain = 374.121 ; free physical = 1270 ; free virtual = 2374
---------------------------------------------------------------------------------
---------------------------------------------------------------------------------
Start Timing Optimization
---------------------------------------------------------------------------------
---------------------------------------------------------------------------------
Finished Timing Optimization : Time (s): cpu = 00:00:20 ; elapsed = 00:00:24 . Memory (MB): peak = 1922.703 ; gain = 374.121 ; free physical = 1267 ; free virtual = 2372
---------------------------------------------------------------------------------
---------------------------------------------------------------------------------
Start ROM, RAM, DSP and Shift Register Reporting
---------------------------------------------------------------------------------

Distributed RAM: Final Mapping  Report
+------------+---------------------+-----------+----------------------+--------------+
|Module Name | RTL Object          | Inference | Size (Depth x Width) | Primitives   | 
+------------+---------------------+-----------+----------------------+--------------+
|fifo        | reg_ins/regfile_reg | Implied   | 8 x 4                | RAM32M x 2   | 
+------------+---------------------+-----------+----------------------+--------------+

---------------------------------------------------------------------------------
Finished ROM, RAM, DSP and Shift Register Reporting
---------------------------------------------------------------------------------

Report RTL Partitions: 
+-+--------------+------------+----------+
| |RTL Partition |Replication |Instances |
+-+--------------+------------+----------+
+-+--------------+------------+----------+
---------------------------------------------------------------------------------
Start Technology Mapping
---------------------------------------------------------------------------------
---------------------------------------------------------------------------------
Finished Technology Mapping : Time (s): cpu = 00:00:21 ; elapsed = 00:00:24 . Memory (MB): peak = 1922.703 ; gain = 374.121 ; free physical = 1267 ; free virtual = 2372
---------------------------------------------------------------------------------

Report RTL Partitions: 
+-+--------------+------------+----------+
| |RTL Partition |Replication |Instances |
+-+--------------+------------+----------+
+-+--------------+------------+----------+
---------------------------------------------------------------------------------
Start IO Insertion
---------------------------------------------------------------------------------
---------------------------------------------------------------------------------
Start Flattening Before IO Insertion
---------------------------------------------------------------------------------
---------------------------------------------------------------------------------
Finished Flattening Before IO Insertion
---------------------------------------------------------------------------------
---------------------------------------------------------------------------------
Start Final Netlist Cleanup
---------------------------------------------------------------------------------
---------------------------------------------------------------------------------
Finished Final Netlist Cleanup
---------------------------------------------------------------------------------
---------------------------------------------------------------------------------
Finished IO Insertion : Time (s): cpu = 00:00:22 ; elapsed = 00:00:26 . Memory (MB): peak = 1922.703 ; gain = 374.121 ; free physical = 1267 ; free virtual = 2372
---------------------------------------------------------------------------------

Report Check Netlist: 
+------+------------------+-------+---------+-------+------------------+
|      |Item              |Errors |Warnings |Status |Description       |
+------+------------------+-------+---------+-------+------------------+
|1     |multi_driven_nets |      0|        0|Passed |Multi driven nets |
+------+------------------+-------+---------+-------+------------------+
---------------------------------------------------------------------------------
Start Renaming Generated Instances
---------------------------------------------------------------------------------
---------------------------------------------------------------------------------
Finished Renaming Generated Instances : Time (s): cpu = 00:00:22 ; elapsed = 00:00:26 . Memory (MB): peak = 1922.703 ; gain = 374.121 ; free physical = 1267 ; free virtual = 2372
---------------------------------------------------------------------------------

Report RTL Partitions: 
+-+--------------+------------+----------+
| |RTL Partition |Replication |Instances |
+-+--------------+------------+----------+
+-+--------------+------------+----------+
---------------------------------------------------------------------------------
Start Rebuilding User Hierarchy
---------------------------------------------------------------------------------
---------------------------------------------------------------------------------
Finished Rebuilding User Hierarchy : Time (s): cpu = 00:00:22 ; elapsed = 00:00:26 . Memory (MB): peak = 1922.703 ; gain = 374.121 ; free physical = 1267 ; free virtual = 2372
---------------------------------------------------------------------------------
---------------------------------------------------------------------------------
Start Renaming Generated Ports
---------------------------------------------------------------------------------
---------------------------------------------------------------------------------
Finished Renaming Generated Ports : Time (s): cpu = 00:00:22 ; elapsed = 00:00:26 . Memory (MB): peak = 1922.703 ; gain = 374.121 ; free physical = 1267 ; free virtual = 2372
---------------------------------------------------------------------------------
---------------------------------------------------------------------------------
Start Handling Custom Attributes
---------------------------------------------------------------------------------
---------------------------------------------------------------------------------
Finished Handling Custom Attributes : Time (s): cpu = 00:00:22 ; elapsed = 00:00:26 . Memory (MB): peak = 1922.703 ; gain = 374.121 ; free physical = 1267 ; free virtual = 2372
---------------------------------------------------------------------------------
---------------------------------------------------------------------------------
Start Renaming Generated Nets
---------------------------------------------------------------------------------
---------------------------------------------------------------------------------
Finished Renaming Generated Nets : Time (s): cpu = 00:00:22 ; elapsed = 00:00:26 . Memory (MB): peak = 1922.703 ; gain = 374.121 ; free physical = 1267 ; free virtual = 2372
---------------------------------------------------------------------------------
---------------------------------------------------------------------------------
Start Writing Synthesis Report
---------------------------------------------------------------------------------

Report BlackBoxes: 
+-+--------------+----------+
| |BlackBox name |Instances |
+-+--------------+----------+
+-+--------------+----------+

Report Cell Usage: 
+------+-------+------+
|      |Cell   |Count |
+------+-------+------+
|1     |BUFG   |     1|
|2     |LUT1   |     1|
|3     |LUT2   |    10|
|4     |LUT3   |     9|
|5     |LUT4   |    15|
|6     |LUT5   |    14|
|7     |LUT6   |    20|
|8     |RAM32M |     2|
|9     |FDCE   |     9|
|10    |FDRE   |    33|
|11    |LD     |     3|
|12    |IBUF   |     8|
|13    |OBUF   |    13|
+------+-------+------+

Report Instance Areas: 
+------+----------+---------+------+
|      |Instance  |Module   |Cells |
+------+----------+---------+------+
|1     |top       |         |   138|
|2     |  lcu_ins |LCU      |    56|
|3     |  reg_ins |reg4b_8d |     2|
|4     |  sdu_ins |SDU      |    58|
+------+----------+---------+------+
---------------------------------------------------------------------------------
Finished Writing Synthesis Report : Time (s): cpu = 00:00:22 ; elapsed = 00:00:26 . Memory (MB): peak = 1922.703 ; gain = 374.121 ; free physical = 1267 ; free virtual = 2372
---------------------------------------------------------------------------------
Synthesis finished with 0 errors, 0 critical warnings and 1 warnings.
Synthesis Optimization Runtime : Time (s): cpu = 00:00:20 ; elapsed = 00:00:23 . Memory (MB): peak = 1922.703 ; gain = 212.402 ; free physical = 1321 ; free virtual = 2426
Synthesis Optimization Complete : Time (s): cpu = 00:00:22 ; elapsed = 00:00:26 . Memory (MB): peak = 1922.703 ; gain = 374.121 ; free physical = 1321 ; free virtual = 2425
INFO: [Project 1-571] Translating synthesized netlist
INFO: [Netlist 29-17] Analyzing 5 Unisim elements for replacement
INFO: [Netlist 29-28] Unisim Transformation completed in 0 CPU seconds
INFO: [Project 1-570] Preparing netlist for logic optimization
INFO: [Opt 31-138] Pushed 0 inverter(s) to 0 load pin(s).
Netlist sorting complete. Time (s): cpu = 00:00:00 ; elapsed = 00:00:00 . Memory (MB): peak = 1925.672 ; gain = 0.000 ; free physical = 1267 ; free virtual = 2372
INFO: [Project 1-111] Unisim Transformation Summary:
  A total of 5 instances were transformed.
  LD => LDCE: 3 instances
  RAM32M => RAM32M (RAMD32, RAMD32, RAMD32, RAMD32, RAMD32, RAMD32, RAMS32, RAMS32): 2 instances

INFO: [Common 17-83] Releasing license: Synthesis
25 Infos, 2 Warnings, 0 Critical Warnings and 0 Errors encountered.
synth_design completed successfully
synth_design: Time (s): cpu = 00:00:29 ; elapsed = 00:00:32 . Memory (MB): peak = 1925.672 ; gain = 527.414 ; free physical = 1366 ; free virtual = 2471
Netlist sorting complete. Time (s): cpu = 00:00:00 ; elapsed = 00:00:00 . Memory (MB): peak = 1925.672 ; gain = 0.000 ; free physical = 1366 ; free virtual = 2471
WARNING: [Constraints 18-5210] No constraints selected for write.
Resolution: This message can indicate that there are no constraints for the design, or it can indicate that the used_in flags are set such that the constraints are ignored. This later case is used when running synth_design to not write synthesis constraints to the resulting checkpoint. Instead, project constraints are read when the synthesized design is opened.
INFO: [Common 17-1381] The checkpoint '/home/ubuntu/lab2_fifo/lab2_fifo.runs/synth_1/fifo.dcp' has been generated.
INFO: [runtcl-4] Executing : report_utilization -file fifo_utilization_synth.rpt -pb fifo_utilization_synth.pb
INFO: [Common 17-206] Exiting Vivado at Wed Apr 14 05:38:00 2021...
