1620408176.838587 client started (1375981): version 2.6, socket /tmp/tmux-1000/default, protocol 8
1620408176.840057 on Linux 5.4.78-2-pve #1 SMP PVE 5.4.78-2 (Thu, 03 Dec 2020 14:26:17 +0100); libevent 2.1.8-stable (poll)
1620408176.841171 socket is /tmp/tmux-1000/default
1620408176.842466 trying connect
1620408176.844263 add peer 0x55fbbe300760: 6 ((nil))
1620408176.844348 sending message 100 to peer 0x55fbbe300760 (4 bytes)
1620408176.844358 sending message 101 to peer 0x55fbbe300760 (7 bytes)
1620408176.844364 sending message 102 to peer 0x55fbbe300760 (11 bytes)
1620408176.844370 sending message 108 to peer 0x55fbbe300760 (36 bytes)
1620408176.844376 sending message 104 to peer 0x55fbbe300760 (0 bytes)
1620408176.844382 sending message 107 to peer 0x55fbbe300760 (4 bytes)
1620408176.844387 sending message 105 to peer 0x55fbbe300760 (19 bytes)
1620408176.844393 sending message 105 to peer 0x55fbbe300760 (1516 bytes)
1620408176.844407 sending message 105 to peer 0x55fbbe300760 (49 bytes)
1620408176.844413 sending message 105 to peer 0x55fbbe300760 (34 bytes)
1620408176.844418 sending message 105 to peer 0x55fbbe300760 (17 bytes)
1620408176.844424 sending message 105 to peer 0x55fbbe300760 (20 bytes)
1620408176.844429 sending message 105 to peer 0x55fbbe300760 (21 bytes)
1620408176.844434 sending message 105 to peer 0x55fbbe300760 (12 bytes)
1620408176.844440 sending message 105 to peer 0x55fbbe300760 (40 bytes)
1620408176.844445 sending message 105 to peer 0x55fbbe300760 (18 bytes)
1620408176.844451 sending message 105 to peer 0x55fbbe300760 (104 bytes)
1620408176.844457 sending message 105 to peer 0x55fbbe300760 (102 bytes)
1620408176.844462 sending message 105 to peer 0x55fbbe300760 (20 bytes)
1620408176.844467 sending message 105 to peer 0x55fbbe300760 (31 bytes)
1620408176.844473 sending message 105 to peer 0x55fbbe300760 (28 bytes)
1620408176.844478 sending message 105 to peer 0x55fbbe300760 (38 bytes)
1620408176.844483 sending message 105 to peer 0x55fbbe300760 (88 bytes)
1620408176.844488 sending message 105 to peer 0x55fbbe300760 (22 bytes)
1620408176.844494 sending message 105 to peer 0x55fbbe300760 (133 bytes)
1620408176.844499 sending message 105 to peer 0x55fbbe300760 (12 bytes)
1620408176.844504 sending message 105 to peer 0x55fbbe300760 (16 bytes)
1620408176.844510 sending message 105 to peer 0x55fbbe300760 (13 bytes)
1620408176.844515 sending message 105 to peer 0x55fbbe300760 (8 bytes)
1620408176.844520 sending message 105 to peer 0x55fbbe300760 (21 bytes)
1620408176.844526 sending message 105 to peer 0x55fbbe300760 (64 bytes)
1620408176.844531 sending message 105 to peer 0x55fbbe300760 (51 bytes)
1620408176.844537 sending message 105 to peer 0x55fbbe300760 (15 bytes)
1620408176.844542 sending message 105 to peer 0x55fbbe300760 (116 bytes)
1620408176.844547 sending message 105 to peer 0x55fbbe300760 (31 bytes)
1620408176.844553 sending message 105 to peer 0x55fbbe300760 (740 bytes)
1620408176.844558 sending message 105 to peer 0x55fbbe300760 (53 bytes)
1620408176.844563 sending message 105 to peer 0x55fbbe300760 (32 bytes)
1620408176.844568 sending message 105 to peer 0x55fbbe300760 (16 bytes)
1620408176.844574 sending message 105 to peer 0x55fbbe300760 (16 bytes)
1620408176.844579 sending message 106 to peer 0x55fbbe300760 (0 bytes)
1620408176.844584 sending message 200 to peer 0x55fbbe300760 (4 bytes)
1620408176.844589 client loop enter
1620408176.853184 peer 0x55fbbe300760 message 211
1620408176.853212 peer 0x55fbbe300760 message 203
1620408176.853216 client loop exit
