
*** Running vivado
    with args -log cpu_proj.vds -m64 -product Vivado -mode batch -messageDb vivado.pb -notrace -source cpu_proj.tcl


****** Vivado v2019.1 (64-bit)
  **** SW Build 2552052 on Fri May 24 14:47:09 MDT 2019
  **** IP Build 2548770 on Fri May 24 18:01:18 MDT 2019
    ** Copyright 1986-2019 Xilinx, Inc. All Rights Reserved.

source cpu_proj.tcl -notrace
Command: synth_design -top cpu_proj -part xc7a100tcsg324-1
Starting synth_design
Attempting to get a license for feature 'Synthesis' and/or device 'xc7a100t'
INFO: [Common 17-349] Got license for feature 'Synthesis' and/or device 'xc7a100t'
INFO: [Device 21-403] Loading part xc7a100tcsg324-1
INFO: Launching helper process for spawning children vivado processes
INFO: Helper process launched with PID 2134446 
WARNING: [Synth 8-1849] concatenation with unsized literal; will interpret as 32 bits [/home/ubuntu/riscv_cpu_pipeline/riscv_cpu_pipeline.srcs/sources_1/imports/new/RegFile.v:42]
WARNING: [Synth 8-1849] concatenation with unsized literal; will interpret as 32 bits [/home/ubuntu/riscv_cpu_pipeline/riscv_cpu_pipeline.srcs/sources_1/imports/new/RegFile.v:49]
WARNING: [Synth 8-1849] concatenation with unsized literal; will interpret as 32 bits [/home/ubuntu/riscv_cpu_pipeline/riscv_cpu_pipeline.srcs/sources_1/imports/new/RegFile.v:57]
WARNING: [Synth 8-1849] concatenation with unsized literal; will interpret as 32 bits [/home/ubuntu/riscv_cpu_pipeline/riscv_cpu_pipeline.srcs/sources_1/imports/new/RegFile.v:79]
WARNING: [Synth 8-2507] parameter declaration becomes local in alu_temp with formal parameter declaration list [/home/ubuntu/riscv_cpu_pipeline/riscv_cpu_pipeline.srcs/sources_1/imports/new/alu_temp.v:32]
WARNING: [Synth 8-2507] parameter declaration becomes local in alu_temp with formal parameter declaration list [/home/ubuntu/riscv_cpu_pipeline/riscv_cpu_pipeline.srcs/sources_1/imports/new/alu_temp.v:33]
WARNING: [Synth 8-2507] parameter declaration becomes local in alu_temp with formal parameter declaration list [/home/ubuntu/riscv_cpu_pipeline/riscv_cpu_pipeline.srcs/sources_1/imports/new/alu_temp.v:34]
WARNING: [Synth 8-2507] parameter declaration becomes local in alu_temp with formal parameter declaration list [/home/ubuntu/riscv_cpu_pipeline/riscv_cpu_pipeline.srcs/sources_1/imports/new/alu_temp.v:35]
WARNING: [Synth 8-2507] parameter declaration becomes local in alu_temp with formal parameter declaration list [/home/ubuntu/riscv_cpu_pipeline/riscv_cpu_pipeline.srcs/sources_1/imports/new/alu_temp.v:36]
---------------------------------------------------------------------------------
Starting RTL Elaboration : Time (s): cpu = 00:00:04 ; elapsed = 00:00:05 . Memory (MB): peak = 1714.203 ; gain = 158.684 ; free physical = 1021 ; free virtual = 1813
---------------------------------------------------------------------------------
INFO: [Synth 8-6157] synthesizing module 'cpu_proj' [/home/ubuntu/riscv_cpu_pipeline/riscv_cpu_pipeline.srcs/sources_1/imports/new/cpu_proj.v:1]
INFO: [Synth 8-6157] synthesizing module 'cpu_pl' [/home/ubuntu/riscv_cpu_pipeline/riscv_cpu_pipeline.srcs/sources_1/imports/new/cpu_pl.v:23]
	Parameter const_one_1bit bound to: 1 - type: integer 
	Parameter const_zero_1bit bound to: 0 - type: integer 
	Parameter const_zero_32bit bound to: 0 - type: integer 
	Parameter nop_inst bound to: 51 - type: integer 
	Parameter alu_plus bound to: 3'b000 
	Parameter alu_minus bound to: 3'b001 
	Parameter alu_and bound to: 3'b010 
	Parameter alu_or bound to: 3'b011 
	Parameter alu_xor bound to: 3'b100 
INFO: [Synth 8-6157] synthesizing module 'dist_mem_gen_0' [/home/ubuntu/riscv_cpu_pipeline/riscv_cpu_pipeline.runs/synth_1/.Xil/Vivado-2134423-VM2639-zhou-vivado/realtime/dist_mem_gen_0_stub.v:6]
INFO: [Synth 8-6155] done synthesizing module 'dist_mem_gen_0' (1#1) [/home/ubuntu/riscv_cpu_pipeline/riscv_cpu_pipeline.runs/synth_1/.Xil/Vivado-2134423-VM2639-zhou-vivado/realtime/dist_mem_gen_0_stub.v:6]
INFO: [Synth 8-6157] synthesizing module 'RegFile' [/home/ubuntu/riscv_cpu_pipeline/riscv_cpu_pipeline.srcs/sources_1/imports/new/RegFile.v:23]
	Parameter WIDTH bound to: 32 - type: integer 
INFO: [Synth 8-6155] done synthesizing module 'RegFile' (2#1) [/home/ubuntu/riscv_cpu_pipeline/riscv_cpu_pipeline.srcs/sources_1/imports/new/RegFile.v:23]
INFO: [Synth 8-6157] synthesizing module 'alu_temp' [/home/ubuntu/riscv_cpu_pipeline/riscv_cpu_pipeline.srcs/sources_1/imports/new/alu_temp.v:23]
	Parameter WIDTH bound to: 32 - type: integer 
	Parameter f_plus bound to: 3'b000 
	Parameter f_minus bound to: 3'b001 
	Parameter f_and bound to: 3'b010 
	Parameter f_or bound to: 3'b011 
	Parameter f_xor bound to: 3'b100 
INFO: [Synth 8-6155] done synthesizing module 'alu_temp' (3#1) [/home/ubuntu/riscv_cpu_pipeline/riscv_cpu_pipeline.srcs/sources_1/imports/new/alu_temp.v:23]
INFO: [Synth 8-6157] synthesizing module 'dist_mem_gen_1' [/home/ubuntu/riscv_cpu_pipeline/riscv_cpu_pipeline.runs/synth_1/.Xil/Vivado-2134423-VM2639-zhou-vivado/realtime/dist_mem_gen_1_stub.v:6]
INFO: [Synth 8-6155] done synthesizing module 'dist_mem_gen_1' (4#1) [/home/ubuntu/riscv_cpu_pipeline/riscv_cpu_pipeline.runs/synth_1/.Xil/Vivado-2134423-VM2639-zhou-vivado/realtime/dist_mem_gen_1_stub.v:6]
INFO: [Synth 8-226] default block is never used [/home/ubuntu/riscv_cpu_pipeline/riscv_cpu_pipeline.srcs/sources_1/imports/new/cpu_pl.v:440]
INFO: [Synth 8-6155] done synthesizing module 'cpu_pl' (5#1) [/home/ubuntu/riscv_cpu_pipeline/riscv_cpu_pipeline.srcs/sources_1/imports/new/cpu_pl.v:23]
INFO: [Synth 8-6157] synthesizing module 'pdu_pl' [/home/ubuntu/riscv_cpu_pipeline/riscv_cpu_pipeline.srcs/sources_1/imports/new/pdu_pl.v:1]
WARNING: [Synth 8-6090] variable 'cnt_al_plr' is written by both blocking and non-blocking assignments, entire logic could be removed [/home/ubuntu/riscv_cpu_pipeline/riscv_cpu_pipeline.srcs/sources_1/imports/new/pdu_pl.v:156]
INFO: [Synth 8-226] default block is never used [/home/ubuntu/riscv_cpu_pipeline/riscv_cpu_pipeline.srcs/sources_1/imports/new/pdu_pl.v:257]
WARNING: [Synth 8-3936] Found unconnected internal register 'in_2r_reg' and it is trimmed from '5' to '2' bits. [/home/ubuntu/riscv_cpu_pipeline/riscv_cpu_pipeline.srcs/sources_1/imports/new/pdu_pl.v:76]
INFO: [Synth 8-6155] done synthesizing module 'pdu_pl' (6#1) [/home/ubuntu/riscv_cpu_pipeline/riscv_cpu_pipeline.srcs/sources_1/imports/new/pdu_pl.v:1]
INFO: [Synth 8-6155] done synthesizing module 'cpu_proj' (7#1) [/home/ubuntu/riscv_cpu_pipeline/riscv_cpu_pipeline.srcs/sources_1/imports/new/cpu_proj.v:1]
---------------------------------------------------------------------------------
Finished RTL Elaboration : Time (s): cpu = 00:00:05 ; elapsed = 00:00:06 . Memory (MB): peak = 1745.109 ; gain = 189.590 ; free physical = 1050 ; free virtual = 1842
---------------------------------------------------------------------------------

Report Check Netlist: 
+------+------------------+-------+---------+-------+------------------+
|      |Item              |Errors |Warnings |Status |Description       |
+------+------------------+-------+---------+-------+------------------+
|1     |multi_driven_nets |      0|        0|Passed |Multi driven nets |
+------+------------------+-------+---------+-------+------------------+
---------------------------------------------------------------------------------
Start Handling Custom Attributes
---------------------------------------------------------------------------------
---------------------------------------------------------------------------------
Finished Handling Custom Attributes : Time (s): cpu = 00:00:05 ; elapsed = 00:00:07 . Memory (MB): peak = 1764.922 ; gain = 209.402 ; free physical = 1048 ; free virtual = 1840
---------------------------------------------------------------------------------
---------------------------------------------------------------------------------
Finished RTL Optimization Phase 1 : Time (s): cpu = 00:00:05 ; elapsed = 00:00:07 . Memory (MB): peak = 1764.922 ; gain = 209.402 ; free physical = 1048 ; free virtual = 1840
---------------------------------------------------------------------------------
INFO: [Project 1-570] Preparing netlist for logic optimization

Processing XDC Constraints
Initializing timing engine
Parsing XDC File [/home/ubuntu/riscv_cpu_pipeline/riscv_cpu_pipeline.srcs/sources_1/ip/dist_mem_gen_0/dist_mem_gen_0/dist_mem_gen_0_in_context.xdc] for cell 'cpu_inst/InstrMem'
Finished Parsing XDC File [/home/ubuntu/riscv_cpu_pipeline/riscv_cpu_pipeline.srcs/sources_1/ip/dist_mem_gen_0/dist_mem_gen_0/dist_mem_gen_0_in_context.xdc] for cell 'cpu_inst/InstrMem'
Parsing XDC File [/home/ubuntu/riscv_cpu_pipeline/riscv_cpu_pipeline.srcs/sources_1/ip/dist_mem_gen_1/dist_mem_gen_1/dist_mem_gen_1_in_context.xdc] for cell 'cpu_inst/DataMem'
Finished Parsing XDC File [/home/ubuntu/riscv_cpu_pipeline/riscv_cpu_pipeline.srcs/sources_1/ip/dist_mem_gen_1/dist_mem_gen_1/dist_mem_gen_1_in_context.xdc] for cell 'cpu_inst/DataMem'
Parsing XDC File [/home/ubuntu/riscv_cpu_pipeline/riscv_cpu_pipeline.srcs/constrs_1/imports/new/io.xdc]
Finished Parsing XDC File [/home/ubuntu/riscv_cpu_pipeline/riscv_cpu_pipeline.srcs/constrs_1/imports/new/io.xdc]
INFO: [Project 1-236] Implementation specific constraints were found while reading constraint file [/home/ubuntu/riscv_cpu_pipeline/riscv_cpu_pipeline.srcs/constrs_1/imports/new/io.xdc]. These constraints will be ignored for synthesis but will be used in implementation. Impacted constraints are listed in the file [.Xil/cpu_proj_propImpl.xdc].
Resolution: To avoid this warning, move constraints listed in [.Xil/cpu_proj_propImpl.xdc] to another XDC file and exclude this new file from synthesis with the used_in_synthesis property (File Properties dialog in GUI) and re-run elaboration/synthesis.
Completed Processing XDC Constraints

Netlist sorting complete. Time (s): cpu = 00:00:00 ; elapsed = 00:00:00 . Memory (MB): peak = 1950.516 ; gain = 0.000 ; free physical = 946 ; free virtual = 1737
INFO: [Project 1-111] Unisim Transformation Summary:
No Unisim elements were transformed.

Constraint Validation Runtime : Time (s): cpu = 00:00:00 ; elapsed = 00:00:00.01 . Memory (MB): peak = 1950.516 ; gain = 0.000 ; free physical = 946 ; free virtual = 1738
---------------------------------------------------------------------------------
Finished Constraint Validation : Time (s): cpu = 00:00:12 ; elapsed = 00:00:15 . Memory (MB): peak = 1950.516 ; gain = 394.996 ; free physical = 1024 ; free virtual = 1816
---------------------------------------------------------------------------------
---------------------------------------------------------------------------------
Start Loading Part and Timing Information
---------------------------------------------------------------------------------
Loading part: xc7a100tcsg324-1
---------------------------------------------------------------------------------
Finished Loading Part and Timing Information : Time (s): cpu = 00:00:12 ; elapsed = 00:00:15 . Memory (MB): peak = 1950.516 ; gain = 394.996 ; free physical = 1024 ; free virtual = 1816
---------------------------------------------------------------------------------
---------------------------------------------------------------------------------
Start Applying 'set_property' XDC Constraints
---------------------------------------------------------------------------------
Applied set_property DONT_TOUCH = true for cpu_inst/InstrMem. (constraint file  auto generated constraint, line ).
Applied set_property DONT_TOUCH = true for cpu_inst/DataMem. (constraint file  auto generated constraint, line ).
---------------------------------------------------------------------------------
Finished applying 'set_property' XDC Constraints : Time (s): cpu = 00:00:12 ; elapsed = 00:00:15 . Memory (MB): peak = 1950.516 ; gain = 394.996 ; free physical = 1024 ; free virtual = 1815
---------------------------------------------------------------------------------
INFO: [Synth 8-5818] HDL ADVISOR - The operator resource <adder> is shared. To prevent sharing consider applying a KEEP on the output of the operator [/home/ubuntu/riscv_cpu_pipeline/riscv_cpu_pipeline.srcs/sources_1/imports/new/alu_temp.v:42]
INFO: [Synth 8-5546] ROM "ALUOp_a" won't be mapped to RAM because it is too sparse
INFO: [Synth 8-5818] HDL ADVISOR - The operator resource <adder> is shared. To prevent sharing consider applying a KEEP on the output of the operator [/home/ubuntu/riscv_cpu_pipeline/riscv_cpu_pipeline.srcs/sources_1/imports/new/pdu_pl.v:130]
---------------------------------------------------------------------------------
Finished RTL Optimization Phase 2 : Time (s): cpu = 00:00:13 ; elapsed = 00:00:16 . Memory (MB): peak = 1950.516 ; gain = 394.996 ; free physical = 1015 ; free virtual = 1807
---------------------------------------------------------------------------------

Report RTL Partitions: 
+-+--------------+------------+----------+
| |RTL Partition |Replication |Instances |
+-+--------------+------------+----------+
+-+--------------+------------+----------+
---------------------------------------------------------------------------------
Start RTL Component Statistics 
---------------------------------------------------------------------------------
Detailed RTL Component Info : 
+---Adders : 
	   3 Input     32 Bit       Adders := 1     
	   2 Input     32 Bit       Adders := 2     
	   2 Input      5 Bit       Adders := 1     
	   2 Input      3 Bit       Adders := 1     
	   2 Input      2 Bit       Adders := 3     
+---XORs : 
	   2 Input     32 Bit         XORs := 1     
	   2 Input      1 Bit         XORs := 3     
+---Registers : 
	               32 Bit    Registers := 22    
	                5 Bit    Registers := 3     
	                3 Bit    Registers := 1     
	                2 Bit    Registers := 3     
	                1 Bit    Registers := 7     
+---RAMs : 
	             1024 Bit         RAMs := 1     
+---Muxes : 
	   2 Input     32 Bit        Muxes := 35    
	   6 Input     32 Bit        Muxes := 1     
	   5 Input     32 Bit        Muxes := 1     
	   4 Input     32 Bit        Muxes := 5     
	   2 Input      8 Bit        Muxes := 1     
	   2 Input      5 Bit        Muxes := 2     
	   4 Input      5 Bit        Muxes := 1     
	   6 Input      3 Bit        Muxes := 1     
	   2 Input      3 Bit        Muxes := 8     
	   7 Input      2 Bit        Muxes := 1     
	   2 Input      2 Bit        Muxes := 4     
	   2 Input      1 Bit        Muxes := 19    
	   7 Input      1 Bit        Muxes := 6     
	   4 Input      1 Bit        Muxes := 4     
---------------------------------------------------------------------------------
Finished RTL Component Statistics 
---------------------------------------------------------------------------------
---------------------------------------------------------------------------------
Start RTL Hierarchical Component Statistics 
---------------------------------------------------------------------------------
Hierarchical RTL Component report 
Module RegFile 
Detailed RTL Component Info : 
+---RAMs : 
	             1024 Bit         RAMs := 1     
+---Muxes : 
	   2 Input     32 Bit        Muxes := 4     
	   2 Input      1 Bit        Muxes := 2     
Module alu_temp 
Detailed RTL Component Info : 
+---Adders : 
	   3 Input     32 Bit       Adders := 1     
+---XORs : 
	   2 Input     32 Bit         XORs := 1     
+---Muxes : 
	   6 Input     32 Bit        Muxes := 1     
Module cpu_pl 
Detailed RTL Component Info : 
+---Adders : 
	   2 Input     32 Bit       Adders := 2     
+---Registers : 
	               32 Bit    Registers := 21    
+---Muxes : 
	   2 Input     32 Bit        Muxes := 31    
	   5 Input     32 Bit        Muxes := 1     
	   6 Input      3 Bit        Muxes := 1     
	   7 Input      2 Bit        Muxes := 1     
	   7 Input      1 Bit        Muxes := 6     
	   2 Input      1 Bit        Muxes := 7     
	   4 Input      1 Bit        Muxes := 1     
Module pdu_pl 
Detailed RTL Component Info : 
+---Adders : 
	   2 Input      5 Bit       Adders := 1     
	   2 Input      3 Bit       Adders := 1     
	   2 Input      2 Bit       Adders := 3     
+---XORs : 
	   2 Input      1 Bit         XORs := 3     
+---Registers : 
	               32 Bit    Registers := 1     
	                5 Bit    Registers := 3     
	                3 Bit    Registers := 1     
	                2 Bit    Registers := 3     
	                1 Bit    Registers := 7     
+---Muxes : 
	   4 Input     32 Bit        Muxes := 5     
	   2 Input      8 Bit        Muxes := 1     
	   2 Input      5 Bit        Muxes := 2     
	   4 Input      5 Bit        Muxes := 1     
	   2 Input      3 Bit        Muxes := 8     
	   2 Input      2 Bit        Muxes := 4     
	   2 Input      1 Bit        Muxes := 10    
	   4 Input      1 Bit        Muxes := 3     
---------------------------------------------------------------------------------
Finished RTL Hierarchical Component Statistics
---------------------------------------------------------------------------------
---------------------------------------------------------------------------------
Start Part Resource Summary
---------------------------------------------------------------------------------
Part Resources:
DSPs: 240 (col length:80)
BRAMs: 270 (col length: RAMB18 80 RAMB36 40)
---------------------------------------------------------------------------------
Finished Part Resource Summary
---------------------------------------------------------------------------------
---------------------------------------------------------------------------------
Start Cross Boundary and Area Optimization
---------------------------------------------------------------------------------
Warning: Parallel synthesis criteria is not met 
INFO: [Synth 8-5546] ROM "ALUOp_a" won't be mapped to RAM because it is too sparse
INFO: [Synth 8-3886] merging instance 'cpu_inst/ctrl_ID_EX_r_reg[28]' (FDCE) to 'cpu_inst/ctrl_ID_EX_r_reg[2]'
INFO: [Synth 8-3886] merging instance 'cpu_inst/ctrl_ID_EX_r_reg[24]' (FDCE) to 'cpu_inst/ctrl_ID_EX_r_reg[2]'
INFO: [Synth 8-3886] merging instance 'cpu_inst/ctrl_ID_EX_r_reg[20]' (FDCE) to 'cpu_inst/ctrl_ID_EX_r_reg[2]'
INFO: [Synth 8-3886] merging instance 'cpu_inst/ctrl_ID_EX_r_reg[16]' (FDCE) to 'cpu_inst/ctrl_ID_EX_r_reg[13]'
INFO: [Synth 8-3886] merging instance 'cpu_inst/ctrl_ID_EX_r_reg[29]' (FDCE) to 'cpu_inst/ctrl_ID_EX_r_reg[2]'
INFO: [Synth 8-3886] merging instance 'cpu_inst/ctrl_ID_EX_r_reg[25]' (FDCE) to 'cpu_inst/ctrl_ID_EX_r_reg[2]'
INFO: [Synth 8-3886] merging instance 'cpu_inst/ctrl_ID_EX_r_reg[21]' (FDCE) to 'cpu_inst/ctrl_ID_EX_r_reg[2]'
INFO: [Synth 8-3886] merging instance 'cpu_inst/ctrl_ID_EX_r_reg[17]' (FDCE) to 'cpu_inst/ctrl_ID_EX_r_reg[2]'
INFO: [Synth 8-3886] merging instance 'cpu_inst/ctrl_ID_EX_r_reg[5]' (FDCE) to 'cpu_inst/ctrl_ID_EX_r_reg[2]'
INFO: [Synth 8-3886] merging instance 'cpu_inst/ctrl_ID_EX_r_reg[30]' (FDCE) to 'cpu_inst/ctrl_ID_EX_r_reg[2]'
INFO: [Synth 8-3886] merging instance 'cpu_inst/ctrl_ID_EX_r_reg[26]' (FDCE) to 'cpu_inst/ctrl_ID_EX_r_reg[2]'
INFO: [Synth 8-3886] merging instance 'cpu_inst/ctrl_ID_EX_r_reg[22]' (FDCE) to 'cpu_inst/ctrl_ID_EX_r_reg[2]'
INFO: [Synth 8-3886] merging instance 'cpu_inst/ctrl_ID_EX_r_reg[14]' (FDCE) to 'cpu_inst/ctrl_ID_EX_r_reg[2]'
INFO: [Synth 8-3886] merging instance 'cpu_inst/ctrl_ID_EX_r_reg[10]' (FDCE) to 'cpu_inst/ctrl_ID_EX_r_reg[2]'
INFO: [Synth 8-3886] merging instance 'cpu_inst/ctrl_ID_EX_r_reg[6]' (FDCE) to 'cpu_inst/ctrl_ID_EX_r_reg[2]'
INFO: [Synth 8-3886] merging instance 'cpu_inst/ctrl_ID_EX_r_reg[2]' (FDCE) to 'cpu_inst/ctrl_ID_EX_r_reg[3]'
INFO: [Synth 8-3886] merging instance 'cpu_inst/ctrl_ID_EX_r_reg[31]' (FDCE) to 'cpu_inst/ctrl_ID_EX_r_reg[3]'
INFO: [Synth 8-3886] merging instance 'cpu_inst/ctrl_ID_EX_r_reg[27]' (FDCE) to 'cpu_inst/ctrl_ID_EX_r_reg[3]'
INFO: [Synth 8-3886] merging instance 'cpu_inst/ctrl_ID_EX_r_reg[23]' (FDCE) to 'cpu_inst/ctrl_ID_EX_r_reg[3]'
INFO: [Synth 8-3886] merging instance 'cpu_inst/ctrl_ID_EX_r_reg[19]' (FDCE) to 'cpu_inst/ctrl_ID_EX_r_reg[3]'
INFO: [Synth 8-3886] merging instance 'cpu_inst/ctrl_ID_EX_r_reg[15]' (FDCE) to 'cpu_inst/ctrl_ID_EX_r_reg[3]'
INFO: [Synth 8-3886] merging instance 'cpu_inst/ctrl_ID_EX_r_reg[11]' (FDCE) to 'cpu_inst/ctrl_ID_EX_r_reg[3]'
INFO: [Synth 8-3886] merging instance 'cpu_inst/ctrl_ID_EX_r_reg[7]' (FDCE) to 'cpu_inst/ctrl_ID_EX_r_reg[3]'
INFO: [Synth 8-3886] merging instance 'cpu_inst/imm_ID_EX_r_reg[20]' (FDCE) to 'cpu_inst/imm_ID_EX_r_reg[21]'
INFO: [Synth 8-3886] merging instance 'cpu_inst/imm_ID_EX_r_reg[21]' (FDCE) to 'cpu_inst/imm_ID_EX_r_reg[22]'
INFO: [Synth 8-3886] merging instance 'cpu_inst/imm_ID_EX_r_reg[22]' (FDCE) to 'cpu_inst/imm_ID_EX_r_reg[23]'
INFO: [Synth 8-3886] merging instance 'cpu_inst/imm_ID_EX_r_reg[23]' (FDCE) to 'cpu_inst/imm_ID_EX_r_reg[24]'
INFO: [Synth 8-3886] merging instance 'cpu_inst/imm_ID_EX_r_reg[24]' (FDCE) to 'cpu_inst/imm_ID_EX_r_reg[25]'
INFO: [Synth 8-3886] merging instance 'cpu_inst/imm_ID_EX_r_reg[25]' (FDCE) to 'cpu_inst/imm_ID_EX_r_reg[26]'
INFO: [Synth 8-3886] merging instance 'cpu_inst/imm_ID_EX_r_reg[26]' (FDCE) to 'cpu_inst/imm_ID_EX_r_reg[27]'
INFO: [Synth 8-3886] merging instance 'cpu_inst/imm_ID_EX_r_reg[27]' (FDCE) to 'cpu_inst/imm_ID_EX_r_reg[28]'
INFO: [Synth 8-3886] merging instance 'cpu_inst/imm_ID_EX_r_reg[28]' (FDCE) to 'cpu_inst/imm_ID_EX_r_reg[29]'
INFO: [Synth 8-3886] merging instance 'cpu_inst/imm_ID_EX_r_reg[29]' (FDCE) to 'cpu_inst/imm_ID_EX_r_reg[30]'
INFO: [Synth 8-3886] merging instance 'cpu_inst/imm_ID_EX_r_reg[30]' (FDCE) to 'cpu_inst/imm_ID_EX_r_reg[31]'
INFO: [Synth 8-3333] propagating constant 0 across sequential element (\cpu_inst/ctrl_ID_EX_r_reg[3] )
INFO: [Synth 8-3886] merging instance 'cpu_inst/ctrl_EX_MEM_r_reg[16]' (FDC) to 'cpu_inst/ctrl_EX_MEM_r_reg[13]'
INFO: [Synth 8-3886] merging instance 'cpu_inst/ctrl_WB_r_reg[13]' (FDC) to 'cpu_inst/ctrl_WB_r_reg[16]'
INFO: [Synth 8-3886] merging instance 'cpu_inst/pc4_IF_ID_r_reg[0]' (FDCE) to 'cpu_inst/pc_IF_ID_r_reg[0]'
INFO: [Synth 8-3886] merging instance 'cpu_inst/ctrl_ID_EX_r_reg[0]' (FDCE) to 'cpu_inst/ctrl_ID_EX_r_reg[8]'
INFO: [Synth 8-3886] merging instance 'cpu_inst/pc4_ID_EX_r_reg[0]' (FDCE) to 'cpu_inst/pc_ID_EX_r_reg[0]'
INFO: [Synth 8-3886] merging instance 'cpu_inst/ctrl_EX_MEM_r_reg[8]' (FDC) to 'cpu_inst/ctrl_EX_MEM_r_reg[0]'
INFO: [Synth 8-3886] merging instance 'cpu_inst/ctrl_WB_r_reg[8]' (FDC) to 'cpu_inst/ctrl_WB_r_reg[0]'
---------------------------------------------------------------------------------
Finished Cross Boundary and Area Optimization : Time (s): cpu = 00:00:23 ; elapsed = 00:00:27 . Memory (MB): peak = 1950.516 ; gain = 394.996 ; free physical = 987 ; free virtual = 1783
---------------------------------------------------------------------------------
---------------------------------------------------------------------------------
Start ROM, RAM, DSP and Shift Register Reporting
---------------------------------------------------------------------------------

Distributed RAM: Preliminary Mapping  Report (see note below)
+------------+---------------------------+-----------+----------------------+---------------+
|Module Name | RTL Object                | Inference | Size (Depth x Width) | Primitives    | 
+------------+---------------------------+-----------+----------------------+---------------+
|cpu_proj    | cpu_inst/Regs/regfile_reg | Implied   | 32 x 32              | RAM32M x 18   | 
+------------+---------------------------+-----------+----------------------+---------------+

Note: The table above is a preliminary report that shows the Distributed RAMs at the current stage of the synthesis flow. Some Distributed RAMs may be reimplemented as non Distributed RAM primitives later in the synthesis flow. Multiple instantiated RAMs are reported only once.
---------------------------------------------------------------------------------
Finished ROM, RAM, DSP and Shift Register Reporting
---------------------------------------------------------------------------------

Report RTL Partitions: 
+-+--------------+------------+----------+
| |RTL Partition |Replication |Instances |
+-+--------------+------------+----------+
+-+--------------+------------+----------+
---------------------------------------------------------------------------------
Start Applying XDC Timing Constraints
---------------------------------------------------------------------------------
---------------------------------------------------------------------------------
Finished Applying XDC Timing Constraints : Time (s): cpu = 00:00:30 ; elapsed = 00:00:34 . Memory (MB): peak = 1950.516 ; gain = 394.996 ; free physical = 869 ; free virtual = 1664
---------------------------------------------------------------------------------
---------------------------------------------------------------------------------
Start Timing Optimization
---------------------------------------------------------------------------------
---------------------------------------------------------------------------------
Finished Timing Optimization : Time (s): cpu = 00:00:41 ; elapsed = 00:00:45 . Memory (MB): peak = 1959.766 ; gain = 404.246 ; free physical = 827 ; free virtual = 1623
---------------------------------------------------------------------------------
---------------------------------------------------------------------------------
Start ROM, RAM, DSP and Shift Register Reporting
---------------------------------------------------------------------------------

Distributed RAM: Final Mapping  Report
+------------+---------------------------+-----------+----------------------+---------------+
|Module Name | RTL Object                | Inference | Size (Depth x Width) | Primitives    | 
+------------+---------------------------+-----------+----------------------+---------------+
|cpu_proj    | cpu_inst/Regs/regfile_reg | Implied   | 32 x 32              | RAM32M x 18   | 
+------------+---------------------------+-----------+----------------------+---------------+

---------------------------------------------------------------------------------
Finished ROM, RAM, DSP and Shift Register Reporting
---------------------------------------------------------------------------------

Report RTL Partitions: 
+-+--------------+------------+----------+
| |RTL Partition |Replication |Instances |
+-+--------------+------------+----------+
+-+--------------+------------+----------+
---------------------------------------------------------------------------------
Start Technology Mapping
---------------------------------------------------------------------------------
---------------------------------------------------------------------------------
Finished Technology Mapping : Time (s): cpu = 00:00:42 ; elapsed = 00:00:46 . Memory (MB): peak = 1959.766 ; gain = 404.246 ; free physical = 826 ; free virtual = 1622
---------------------------------------------------------------------------------

Report RTL Partitions: 
+-+--------------+------------+----------+
| |RTL Partition |Replication |Instances |
+-+--------------+------------+----------+
+-+--------------+------------+----------+
---------------------------------------------------------------------------------
Start IO Insertion
---------------------------------------------------------------------------------
---------------------------------------------------------------------------------
Start Flattening Before IO Insertion
---------------------------------------------------------------------------------
---------------------------------------------------------------------------------
Finished Flattening Before IO Insertion
---------------------------------------------------------------------------------
---------------------------------------------------------------------------------
Start Final Netlist Cleanup
---------------------------------------------------------------------------------
---------------------------------------------------------------------------------
Finished Final Netlist Cleanup
---------------------------------------------------------------------------------
---------------------------------------------------------------------------------
Finished IO Insertion : Time (s): cpu = 00:00:44 ; elapsed = 00:00:48 . Memory (MB): peak = 1959.766 ; gain = 404.246 ; free physical = 826 ; free virtual = 1621
---------------------------------------------------------------------------------

Report Check Netlist: 
+------+------------------+-------+---------+-------+------------------+
|      |Item              |Errors |Warnings |Status |Description       |
+------+------------------+-------+---------+-------+------------------+
|1     |multi_driven_nets |      0|        0|Passed |Multi driven nets |
+------+------------------+-------+---------+-------+------------------+
---------------------------------------------------------------------------------
Start Renaming Generated Instances
---------------------------------------------------------------------------------
---------------------------------------------------------------------------------
Finished Renaming Generated Instances : Time (s): cpu = 00:00:44 ; elapsed = 00:00:48 . Memory (MB): peak = 1959.766 ; gain = 404.246 ; free physical = 826 ; free virtual = 1621
---------------------------------------------------------------------------------

Report RTL Partitions: 
+-+--------------+------------+----------+
| |RTL Partition |Replication |Instances |
+-+--------------+------------+----------+
+-+--------------+------------+----------+
---------------------------------------------------------------------------------
Start Rebuilding User Hierarchy
---------------------------------------------------------------------------------
---------------------------------------------------------------------------------
Finished Rebuilding User Hierarchy : Time (s): cpu = 00:00:44 ; elapsed = 00:00:48 . Memory (MB): peak = 1959.766 ; gain = 404.246 ; free physical = 825 ; free virtual = 1620
---------------------------------------------------------------------------------
---------------------------------------------------------------------------------
Start Renaming Generated Ports
---------------------------------------------------------------------------------
---------------------------------------------------------------------------------
Finished Renaming Generated Ports : Time (s): cpu = 00:00:44 ; elapsed = 00:00:48 . Memory (MB): peak = 1959.766 ; gain = 404.246 ; free physical = 825 ; free virtual = 1620
---------------------------------------------------------------------------------
---------------------------------------------------------------------------------
Start Handling Custom Attributes
---------------------------------------------------------------------------------
---------------------------------------------------------------------------------
Finished Handling Custom Attributes : Time (s): cpu = 00:00:44 ; elapsed = 00:00:48 . Memory (MB): peak = 1959.766 ; gain = 404.246 ; free physical = 825 ; free virtual = 1620
---------------------------------------------------------------------------------
---------------------------------------------------------------------------------
Start Renaming Generated Nets
---------------------------------------------------------------------------------
---------------------------------------------------------------------------------
Finished Renaming Generated Nets : Time (s): cpu = 00:00:44 ; elapsed = 00:00:48 . Memory (MB): peak = 1959.766 ; gain = 404.246 ; free physical = 825 ; free virtual = 1620
---------------------------------------------------------------------------------
---------------------------------------------------------------------------------
Start Writing Synthesis Report
---------------------------------------------------------------------------------

Report BlackBoxes: 
+------+---------------+----------+
|      |BlackBox name  |Instances |
+------+---------------+----------+
|1     |dist_mem_gen_0 |         1|
|2     |dist_mem_gen_1 |         1|
+------+---------------+----------+

Report Cell Usage: 
+------+---------------+------+
|      |Cell           |Count |
+------+---------------+------+
|1     |dist_mem_gen_0 |     1|
|2     |dist_mem_gen_1 |     1|
|3     |BUFG           |     2|
|4     |CARRY4         |    29|
|5     |LUT1           |     2|
|6     |LUT2           |   352|
|7     |LUT3           |    77|
|8     |LUT4           |   117|
|9     |LUT5           |   132|
|10    |LUT6           |   440|
|11    |RAM32M         |    18|
|12    |FDCE           |   577|
|13    |FDPE           |    21|
|14    |FDRE           |    12|
|15    |IBUF           |    10|
|16    |OBUF           |    15|
+------+---------------+------+

Report Instance Areas: 
+------+-----------+---------+------+
|      |Instance   |Module   |Cells |
+------+-----------+---------+------+
|1     |top        |         |  1900|
|2     |  cpu_inst |cpu_pl   |  1555|
|3     |    Alu    |alu_temp |    40|
|4     |    Regs   |RegFile  |   125|
|5     |  pdu_inst |pdu_pl   |   318|
+------+-----------+---------+------+
---------------------------------------------------------------------------------
Finished Writing Synthesis Report : Time (s): cpu = 00:00:44 ; elapsed = 00:00:48 . Memory (MB): peak = 1959.766 ; gain = 404.246 ; free physical = 825 ; free virtual = 1620
---------------------------------------------------------------------------------
Synthesis finished with 0 errors, 0 critical warnings and 0 warnings.
Synthesis Optimization Runtime : Time (s): cpu = 00:00:41 ; elapsed = 00:00:45 . Memory (MB): peak = 1959.766 ; gain = 218.652 ; free physical = 878 ; free virtual = 1674
Synthesis Optimization Complete : Time (s): cpu = 00:00:44 ; elapsed = 00:00:48 . Memory (MB): peak = 1959.773 ; gain = 404.246 ; free physical = 878 ; free virtual = 1674
INFO: [Project 1-571] Translating synthesized netlist
INFO: [Netlist 29-17] Analyzing 47 Unisim elements for replacement
INFO: [Netlist 29-28] Unisim Transformation completed in 0 CPU seconds
INFO: [Project 1-570] Preparing netlist for logic optimization
INFO: [Opt 31-138] Pushed 0 inverter(s) to 0 load pin(s).
Netlist sorting complete. Time (s): cpu = 00:00:00 ; elapsed = 00:00:00 . Memory (MB): peak = 1991.781 ; gain = 0.000 ; free physical = 826 ; free virtual = 1622
INFO: [Project 1-111] Unisim Transformation Summary:
  A total of 18 instances were transformed.
  RAM32M => RAM32M (RAMD32, RAMD32, RAMD32, RAMD32, RAMD32, RAMD32, RAMS32, RAMS32): 18 instances

INFO: [Common 17-83] Releasing license: Synthesis
74 Infos, 11 Warnings, 0 Critical Warnings and 0 Errors encountered.
synth_design completed successfully
synth_design: Time (s): cpu = 00:00:51 ; elapsed = 00:00:54 . Memory (MB): peak = 1991.781 ; gain = 590.586 ; free physical = 950 ; free virtual = 1746
Netlist sorting complete. Time (s): cpu = 00:00:00 ; elapsed = 00:00:00 . Memory (MB): peak = 1991.781 ; gain = 0.000 ; free physical = 950 ; free virtual = 1746
WARNING: [Constraints 18-5210] No constraints selected for write.
Resolution: This message can indicate that there are no constraints for the design, or it can indicate that the used_in flags are set such that the constraints are ignored. This later case is used when running synth_design to not write synthesis constraints to the resulting checkpoint. Instead, project constraints are read when the synthesized design is opened.
INFO: [Common 17-1381] The checkpoint '/home/ubuntu/riscv_cpu_pipeline/riscv_cpu_pipeline.runs/synth_1/cpu_proj.dcp' has been generated.
INFO: [runtcl-4] Executing : report_utilization -file cpu_proj_utilization_synth.rpt -pb cpu_proj_utilization_synth.pb
INFO: [Common 17-206] Exiting Vivado at Thu May 20 22:33:52 2021...
