Vivado Simulator 2019.1
Copyright 1986-1999, 2001-2019 Xilinx, Inc. All Rights Reserved.
Running: /opt/vlab/vivado/Xilinx/Vivado/2019.1/bin/unwrapped/lnx64.o/xelab -wto 1b1513c2b9bc460fb8cce199bbeeea58 --incr --debug typical --relax --mt 8 -L dist_mem_gen_v8_0_13 -L xil_defaultlib -L unisims_ver -L unimacro_ver -L secureip -L xpm --snapshot test_bench_behav xil_defaultlib.test_bench xil_defaultlib.glbl -log elaborate.log 
Using 8 slave threads.
Starting static elaboration
WARNING: [VRFC 10-3091] actual bit length 32 differs from formal bit length 1 for port 'we' [/home/ubuntu/riscv_cpu_pipeline/riscv_cpu_pipeline.srcs/sources_1/imports/new/cpu_pl.v:177]
WARNING: [VRFC 10-526] concatenation with unsized literal; will interpret as 32 bits [/home/ubuntu/riscv_cpu_pipeline/riscv_cpu_pipeline.srcs/sources_1/imports/new/RegFile.v:42]
WARNING: [VRFC 10-526] concatenation with unsized literal; will interpret as 32 bits [/home/ubuntu/riscv_cpu_pipeline/riscv_cpu_pipeline.srcs/sources_1/imports/new/RegFile.v:49]
WARNING: [VRFC 10-526] concatenation with unsized literal; will interpret as 32 bits [/home/ubuntu/riscv_cpu_pipeline/riscv_cpu_pipeline.srcs/sources_1/imports/new/RegFile.v:57]
WARNING: [VRFC 10-526] concatenation with unsized literal; will interpret as 32 bits [/home/ubuntu/riscv_cpu_pipeline/riscv_cpu_pipeline.srcs/sources_1/imports/new/RegFile.v:79]
Completed static elaboration
Starting simulation data flow analysis
Completed simulation data flow analysis
Time Resolution for simulation is 1ps
Compiling module dist_mem_gen_v8_0_13.dist_mem_gen_v8_0_13(C_FAMILY="a...
Compiling module xil_defaultlib.dist_mem_gen_0
Compiling module xil_defaultlib.RegFile
Compiling module xil_defaultlib.alu_temp
Compiling module dist_mem_gen_v8_0_13.dist_mem_gen_v8_0_13(C_FAMILY="a...
Compiling module xil_defaultlib.dist_mem_gen_1
Compiling module xil_defaultlib.cpu_pl
Compiling module xil_defaultlib.pdu_pl
Compiling module xil_defaultlib.cpu_proj
Compiling module xil_defaultlib.test_bench
Compiling module xil_defaultlib.glbl
Built simulation snapshot test_bench_behav
