Vivado Simulator 2019.1
Copyright 1986-1999, 2001-2019 Xilinx, Inc. All Rights Reserved.
Running: /opt/vlab/vivado/Xilinx/Vivado/2019.1/bin/unwrapped/lnx64.o/xelab -wto d0c1d2952a11430e8ea4199b2300eae6 --incr --debug typical --relax --mt 8 -L dist_mem_gen_v8_0_13 -L xil_defaultlib -L blk_mem_gen_v8_4_3 -L unisims_ver -L unimacro_ver -L secureip -L xpm --snapshot test_bench_behav xil_defaultlib.test_bench xil_defaultlib.glbl -log elaborate.log 
Using 8 slave threads.
Starting static elaboration
Completed static elaboration
Starting simulation data flow analysis
Completed simulation data flow analysis
Time Resolution for simulation is 1ps
Compiling module blk_mem_gen_v8_4_3.blk_mem_gen_v8_4_3_output_stage(...
Compiling module blk_mem_gen_v8_4_3.blk_mem_gen_v8_4_3_output_stage(...
Compiling module blk_mem_gen_v8_4_3.blk_mem_gen_v8_4_3_softecc_outpu...
Compiling module blk_mem_gen_v8_4_3.blk_mem_gen_v8_4_3_mem_module(C_...
Compiling module blk_mem_gen_v8_4_3.blk_mem_gen_v8_4_3(C_FAMILY="art...
Compiling module xil_defaultlib.blk_mem_gen_0
Compiling module dist_mem_gen_v8_0_13.dist_mem_gen_v8_0_13(C_FAMILY="a...
Compiling module xil_defaultlib.dist_mem_gen_0
Compiling module xil_defaultlib.test_bench
Compiling module xil_defaultlib.glbl
Built simulation snapshot test_bench_behav
